0 info it worked if it ends with ok
1 verbose cli [ 'node', '/usr/local/bin/npm', 'publish', './' ]
2 info using npm@1.4.28
3 info using node@v0.10.33
4 verbose publish [ './' ]
5 verbose cache add [ './', null ]
6 verbose cache add name=undefined spec="./" args=["./",null]
7 verbose parsed url { protocol: null,
7 verbose parsed url   slashes: null,
7 verbose parsed url   auth: null,
7 verbose parsed url   host: null,
7 verbose parsed url   port: null,
7 verbose parsed url   hostname: null,
7 verbose parsed url   hash: null,
7 verbose parsed url   search: null,
7 verbose parsed url   query: null,
7 verbose parsed url   pathname: './',
7 verbose parsed url   path: './',
7 verbose parsed url   href: './' }
8 silly lockFile 0ee6c175- ./
9 verbose lock ./ /Users/mac/.npm/0ee6c175-.lock
10 verbose tar pack [ '/Users/mac/.npm/mojs/0.110.0/package.tgz', './' ]
11 verbose tarball /Users/mac/.npm/mojs/0.110.0/package.tgz
12 verbose folder ./
13 info prepublish mojs@0.110.0
14 silly lockFile 04cb2bca-tar tar://./
15 verbose lock tar://./ /Users/mac/.npm/04cb2bca-tar.lock
16 silly lockFile e2459c14-mac-npm-mojs-0-110-0-package-tgz tar:///Users/mac/.npm/mojs/0.110.0/package.tgz
17 verbose lock tar:///Users/mac/.npm/mojs/0.110.0/package.tgz /Users/mac/.npm/e2459c14-mac-npm-mojs-0-110-0-package-tgz.lock
18 silly lockFile 04cb2bca-tar tar://./
19 silly lockFile 04cb2bca-tar tar://./
20 silly lockFile e2459c14-mac-npm-mojs-0-110-0-package-tgz tar:///Users/mac/.npm/mojs/0.110.0/package.tgz
21 silly lockFile e2459c14-mac-npm-mojs-0-110-0-package-tgz tar:///Users/mac/.npm/mojs/0.110.0/package.tgz
22 silly lockFile fe203403-ers-mac-npm-mojs-0-110-0-package /Users/mac/.npm/mojs/0.110.0/package
23 verbose lock /Users/mac/.npm/mojs/0.110.0/package /Users/mac/.npm/fe203403-ers-mac-npm-mojs-0-110-0-package.lock
24 silly lockFile fe203403-ers-mac-npm-mojs-0-110-0-package /Users/mac/.npm/mojs/0.110.0/package
25 silly lockFile fe203403-ers-mac-npm-mojs-0-110-0-package /Users/mac/.npm/mojs/0.110.0/package
26 silly lockFile 0ee6c175- ./
27 silly lockFile 0ee6c175- ./
28 silly publish { name: 'mojs',
28 silly publish   description: 'motion graphics toolbelt for the web',
28 silly publish   version: '0.110.0',
28 silly publish   license: 'MIT',
28 silly publish   private: false,
28 silly publish   scripts: { test: 'karma start --single-run' },
28 silly publish   author:
28 silly publish    { name: 'LegoMushroom',
28 silly publish      email: 'legomushroom@gmail.com',
28 silly publish      url: 'http://legomushroom.com' },
28 silly publish   repository: { type: 'git', url: 'https://github.com/legomushroom/mojs.git' },
28 silly publish   keywords: [ 'motion', 'effects', 'animation', 'motion graphics' ],
28 silly publish   bugs: { url: 'https://github.com/legomushroom/mojs/issues' },
28 silly publish   homepage: 'https://github.com/legomushroom/mojs',
28 silly publish   main: 'dis/mo.min.js',
28 silly publish   dependencies: {},
28 silly publish   devDependencies:
28 silly publish    { coveralls: '^2.11.2',
28 silly publish      'gulp-coffeeify': '^0.1.8',
28 silly publish      'gulp-insert': '^0.4.0',
28 silly publish      brfs: '^1.2.0',
28 silly publish      browserify: '^6.2.0',
28 silly publish      'browserify-istanbul': '^0.1.2',
28 silly publish      'browserify-shim': '~3.8.0',
28 silly publish      chalk: '^0.5.1',
28 silly publish      coffeeify: 'latest',
28 silly publish      gulp: 'latest',
28 silly publish      'gulp-autoprefixer': '0.0.6',
28 silly publish      'gulp-browserify': 'latest',
28 silly publish      'gulp-changed': '~0.2.0',
28 silly publish      'gulp-coffee': '~1.4.1',
28 silly publish      'gulp-coffeelint': '*',
28 silly publish      'gulp-concat': '*',
28 silly publish      'gulp-csslint': '*',
28 silly publish      'gulp-jade': '~0.4.2',
28 silly publish      'gulp-karma': '*',
28 silly publish      'gulp-livereload': '~1.2.0',
28 silly publish      'gulp-minify-css': '~0.3.0',
28 silly publish      'gulp-notify': '~0.5.1',
28 silly publish      'gulp-plumber': '*',
28 silly publish      'gulp-rename': 'latest',
28 silly publish      'gulp-stylus': 'latest',
28 silly publish      'gulp-uglify': 'latest',
28 silly publish      'gulp-watch': '*',
28 silly publish      karma: '^0.12.24',
28 silly publish      'karma-browserify': '^2.0.0',
28 silly publish      'karma-chrome-launcher': '^0.1.4',
28 silly publish      'karma-clear-screen-reporter': '0.0.1',
28 silly publish      'karma-cli': '0.0.4',
28 silly publish      'karma-coverage': '0.2.6',
28 silly publish      'karma-jasmine': '^0.2.0',
28 silly publish      'karma-phantomjs-launcher': '^0.1.4',
28 silly publish      'karma-sauce-launcher': '^0.2.10',
28 silly publish      nodemon: '*',
28 silly publish      'run-sequence': '^1.0.2' },
28 silly publish   readme: '# mo · js [![Build Status](https://travis-ci.org/legomushroom/mojs.svg?branch=master)](https://travis-ci.org/legomushroom/mojs) [![Coverage Status](https://coveralls.io/repos/legomushroom/mojs/badge.svg?branch=master)](https://coveralls.io/r/legomushroom/mojs?branch=master) [![unstable](https://img.shields.io/badge/stability-unstable-yellow.svg)](http://github.com/badges/stability-badges) [![Flattr this git repo](http://api.flattr.com/button/flattr-badge-large.png)](https://flattr.com/submit/auto?user_id=legomushroom&url=https://github.com/legomushroom/mojs&title=motion%20graphics%20for%20the%20web&language=javascript&tags=github&category=software)\n\n#### motion graphics toolbelt for the web\n\n[![Sauce Test Status](https://saucelabs.com/browser-matrix/legomushroom.svg)](https://saucelabs.com/u/legomushroom)\n\n## Demos\n[[motion graphics for the web]()]\n\n## Important note\nThe library is in active development. APIs should be considered `[unstable]` and can be changed drastically.\n\n## Installation\n### CDN(pending)\n`<script src="//cdn.jsdelivr.net/mojs/latest/mo.min.js"></script>`  \n### Bower\n`bower install mojs`\n### NPM\n`npm install mojs`\n\n## Docs\nWorking hard on `docs`, `tutorials` and `website`. Follow [@legomushroom](https://twitter.com/legomushroom) for updates. Star and flattr to show your interest.\n\n## Target browsers\n- Chrome 4+\n- Firefox 4+\n- Opera 11.5+\n- Safari 4+\n- IE 9+\n\n## License\n\n(The MIT License)\n\nCopyright (c) Oleg Solomka [@LegoMushroom](https://twitter.com/legomushroom) [legomushroom@gmail.com](mailto:legomushroom@gmail.com)\n\nPermission is hereby granted, free of charge, to any person obtaining a copy of this software and associated documentation files (the \'Software\'), to deal in the Software without restriction, including without limitation the rights to use, copy, modify, merge, publish, distribute, sublicense, and/or sell copies of the Software, and to permit persons to whom the Software is furnished to do so, subject to the following conditions:\n\nThe above copyright notice and this permission notice shall be included in all copies or substantial portions of the Software.\n\nTHE SOFTWARE IS PROVIDED \'AS IS\', WITHOUT WARRANTY OF ANY KIND, EXPRESS OR IMPLIED, INCLUDING BUT NOT LIMITED TO THE WARRANTIES OF MERCHANTABILITY, FITNESS FOR A PARTICULAR PURPOSE AND NONINFRINGEMENT. IN NO EVENT SHALL THE AUTHORS OR COPYRIGHT HOLDERS BE LIABLE FOR ANY CLAIM, DAMAGES OR OTHER LIABILITY, WHETHER IN AN ACTION OF CONTRACT, TORT OR OTHERWISE, ARISING FROM, OUT OF OR IN CONNECTION WITH THE SOFTWARE OR THE USE OR OTHER DEALINGS IN THE SOFTWARE.\n',
28 silly publish   readmeFilename: 'readme.md',
28 silly publish   gitHead: '5616de62d126ecd3e5ad8ad62e03ffd948630ee0',
28 silly publish   _id: 'mojs@0.110.0',
28 silly publish   _shasum: '6bc0c5ece5755a39231eb63614b061eb20053f95',
28 silly publish   _from: './' }
29 verbose request where is /mojs
30 verbose request registry https://registry.npmjs.org/
31 verbose request id 918c8e8715ba66f8
32 verbose url raw /mojs
33 verbose url resolving [ 'https://registry.npmjs.org/', './mojs' ]
34 verbose url resolved https://registry.npmjs.org/mojs
35 verbose request where is https://registry.npmjs.org/mojs
36 info trying registry request attempt 1 at 08:15:23
37 http PUT https://registry.npmjs.org/mojs
38 http 401 https://registry.npmjs.org/mojs
39 verbose headers { date: 'Wed, 01 Apr 2015 05:18:55 GMT',
39 verbose headers   server: 'Apache',
39 verbose headers   'content-type': 'application/json',
39 verbose headers   'cache-control': 'max-age=60',
39 verbose headers   'content-length': '38',
39 verbose headers   'accept-ranges': 'bytes',
39 verbose headers   via: '1.1 varnish',
39 verbose headers   'x-served-by': 'cache-fra1228-FRA',
39 verbose headers   'x-cache': 'MISS',
39 verbose headers   'x-cache-hits': '0',
39 verbose headers   'x-timer': 'S1427865324.944115,VS0,VE210837',
39 verbose headers   'keep-alive': 'timeout=10, max=50',
39 verbose headers   connection: 'Keep-Alive' }
40 error publish Failed PUT 401
41 error Error: Request was not authorized : mojs
41 error     at RegClient.<anonymous> (/usr/local/lib/node_modules/npm/node_modules/npm-registry-client/lib/request.js:308:14)
41 error     at Request._callback (/usr/local/lib/node_modules/npm/node_modules/npm-registry-client/lib/request.js:246:65)
41 error     at Request.self.callback (/usr/local/lib/node_modules/npm/node_modules/request/request.js:236:22)
41 error     at Request.emit (events.js:98:17)
41 error     at Request.<anonymous> (/usr/local/lib/node_modules/npm/node_modules/request/request.js:1142:14)
41 error     at Request.emit (events.js:117:20)
41 error     at IncomingMessage.<anonymous> (/usr/local/lib/node_modules/npm/node_modules/request/request.js:1096:12)
41 error     at IncomingMessage.emit (events.js:117:20)
41 error     at _stream_readable.js:943:16
41 error     at process._tickCallback (node.js:419:13)
42 error If you need help, you may report this *entire* log,
42 error including the npm and node versions, at:
42 error     <http://github.com/npm/npm/issues>
43 error System Darwin 14.1.0
44 error command "node" "/usr/local/bin/npm" "publish" "./"
45 error cwd /Applications/MAMP/htdocs/mojs
46 error node -v v0.10.33
47 error npm -v 1.4.28
48 verbose exit [ 1, true ]
